2026-03-09T13:41:16.686Z|0x4374|[Licensing::Module] Trying to connect to existing licensing client channel...
2026-03-09T13:41:16.686Z|0x6258|Built from '6000.3/staging' branch; Version is '6000.3.7f1 (696ec25a53d1) revision 6909634'; Using compiler version '194234433'; Build Type 'Release'
2026-03-09T13:41:16.687Z|0x6258|OS: 'Windows 11  (10.0.26200) Professional' Language: 'fr' Physical Memory: 31912 MB
2026-03-09T13:41:16.687Z|0x6258|BatchMode: 1, IsHumanControllingUs: 0, StartBugReporterOnCrash: 0, Is64bit: 1
2026-03-09T13:41:16.687Z|0x4374|[Licensing::IpcConnector] Successfully connected to: "LicenseClient-ocxz" at "2026-03-09T13:41:16.6870881Z"
2026-03-09T13:41:16.687Z|0x6258|System  architecture: x64
2026-03-09T13:41:16.687Z|0x6258|Process architecture: x64
2026-03-09T13:41:16.687Z|0x6258|Date: 2026-03-09T13:41:16Z
2026-03-09T13:41:16.758Z|0x6258|
COMMAND LINE ARGUMENTS:
2026-03-09T13:41:16.758Z|0x6258|D:\travaux_Unity\6000.3.7f1\Editor\Unity.exe
2026-03-09T13:41:16.758Z|0x6258|-batchmode
2026-03-09T13:41:16.758Z|0x6258|-quit
2026-03-09T13:41:16.758Z|0x6258|-nographics
2026-03-09T13:41:16.758Z|0x6258|-projectPath
2026-03-09T13:41:16.758Z|0x6258|D:\travaux_Unity\CodeDotLavos
2026-03-09T13:41:16.758Z|0x6258|-logFile
2026-03-09T13:41:16.758Z|0x6258|D:\travaux_Unity\CodeDotLavos\build_log_.log
2026-03-09T13:41:16.758Z|0x6258|Successfully changed project path to: D:\travaux_Unity\CodeDotLavos
2026-03-09T13:41:16.758Z|0x6258|D:/travaux_Unity/CodeDotLavos
2026-03-09T13:41:16.759Z|0x6258|Exiting without the bug reporter. Application will terminate with return code 1